<?xml version="1.0" encoding="UTF-8"?>
<!-- Generated by org.testng.reporters.JUnitReportReporter -->
<testsuite hostname="C-PF4JG0XY" failures="0" tests="1" name="testCases.Tc1_OrangeHRM" time="8.578" errors="0" timestamp="2024-10-05T15:57:33 IST" skipped="0">
  <testcase classname="testCases.Tc1_OrangeHRM" name="searchProduct" time="8.578"/>
</testsuite> <!-- testCases.Tc1_OrangeHRM -->
