<?xml version="1.0" encoding="UTF-8"?>
<!-- Generated by org.testng.reporters.JUnitReportReporter -->
<testsuite hostname="C-PF4JG0XY" failures="0" tests="1" name="testCases.Tc1_FlipcartApplications" time="27.381" errors="0" timestamp="2024-10-12T14:22:56 IST" skipped="0">
  <testcase classname="testCases.Tc1_FlipcartApplications" name="addItemTo_cart" time="27.381"/>
</testsuite> <!-- testCases.Tc1_FlipcartApplications -->
